[2025-01-16T01:46:18.115+0000] {manager.py:487} INFO - Processing files using up to 2 processes at a time 
[2025-01-16T01:46:18.116+0000] {manager.py:488} INFO - Process each file at most once every 30 seconds
[2025-01-16T01:46:18.116+0000] {manager.py:489} INFO - Checking for new files in /opt/airflow/dags every 30 seconds
[2025-01-16T01:46:18.117+0000] {manager.py:759} INFO - Searching for files in /opt/airflow/dags
[2025-01-16T01:46:18.119+0000] {manager.py:762} INFO - There are 0 files in /opt/airflow/dags
[2025-01-16T01:46:48.337+0000] {manager.py:759} INFO - Searching for files in /opt/airflow/dags
[2025-01-16T01:46:48.340+0000] {manager.py:762} INFO - There are 0 files in /opt/airflow/dags
[2025-01-16T01:47:18.613+0000] {manager.py:759} INFO - Searching for files in /opt/airflow/dags
[2025-01-16T01:47:18.617+0000] {manager.py:762} INFO - There are 0 files in /opt/airflow/dags
[2025-01-16T01:47:48.866+0000] {manager.py:759} INFO - Searching for files in /opt/airflow/dags
[2025-01-16T01:47:48.868+0000] {manager.py:762} INFO - There are 0 files in /opt/airflow/dags
[2025-01-16T01:48:19.133+0000] {manager.py:759} INFO - Searching for files in /opt/airflow/dags
[2025-01-16T01:48:19.136+0000] {manager.py:762} INFO - There are 0 files in /opt/airflow/dags
[2025-01-16T01:48:49.360+0000] {manager.py:759} INFO - Searching for files in /opt/airflow/dags
[2025-01-16T01:48:49.364+0000] {manager.py:762} INFO - There are 0 files in /opt/airflow/dags
[2025-01-16T01:49:19.604+0000] {manager.py:759} INFO - Searching for files in /opt/airflow/dags
[2025-01-16T01:49:19.610+0000] {manager.py:762} INFO - There are 0 files in /opt/airflow/dags
[2025-01-16T01:49:49.839+0000] {manager.py:759} INFO - Searching for files in /opt/airflow/dags
[2025-01-16T01:49:49.843+0000] {manager.py:762} INFO - There are 0 files in /opt/airflow/dags
[2025-01-16T01:50:20.036+0000] {manager.py:759} INFO - Searching for files in /opt/airflow/dags
[2025-01-16T01:50:20.037+0000] {manager.py:762} INFO - There are 0 files in /opt/airflow/dags
[2025-01-16T01:50:50.265+0000] {manager.py:759} INFO - Searching for files in /opt/airflow/dags
[2025-01-16T01:50:50.269+0000] {manager.py:762} INFO - There are 0 files in /opt/airflow/dags
[2025-01-16T01:51:20.528+0000] {manager.py:759} INFO - Searching for files in /opt/airflow/dags
[2025-01-16T01:51:20.533+0000] {manager.py:762} INFO - There are 0 files in /opt/airflow/dags
[2025-01-16T01:51:50.788+0000] {manager.py:759} INFO - Searching for files in /opt/airflow/dags
[2025-01-16T01:51:50.793+0000] {manager.py:762} INFO - There are 0 files in /opt/airflow/dags
[2025-01-16T01:52:21.013+0000] {manager.py:759} INFO - Searching for files in /opt/airflow/dags
[2025-01-16T01:52:21.015+0000] {manager.py:762} INFO - There are 0 files in /opt/airflow/dags
[2025-01-16T01:52:51.213+0000] {manager.py:759} INFO - Searching for files in /opt/airflow/dags
[2025-01-16T01:52:51.216+0000] {manager.py:762} INFO - There are 0 files in /opt/airflow/dags
[2025-01-16T01:53:21.421+0000] {manager.py:759} INFO - Searching for files in /opt/airflow/dags
[2025-01-16T01:53:21.423+0000] {manager.py:762} INFO - There are 0 files in /opt/airflow/dags
[2025-01-16T01:53:51.645+0000] {manager.py:759} INFO - Searching for files in /opt/airflow/dags
[2025-01-16T01:53:51.648+0000] {manager.py:762} INFO - There are 0 files in /opt/airflow/dags
[2025-01-16T01:54:21.897+0000] {manager.py:759} INFO - Searching for files in /opt/airflow/dags
[2025-01-16T01:54:21.904+0000] {manager.py:762} INFO - There are 0 files in /opt/airflow/dags
[2025-01-16T01:54:52.147+0000] {manager.py:759} INFO - Searching for files in /opt/airflow/dags
[2025-01-16T01:54:52.150+0000] {manager.py:762} INFO - There are 0 files in /opt/airflow/dags
[2025-01-16T01:55:22.330+0000] {manager.py:759} INFO - Searching for files in /opt/airflow/dags
[2025-01-16T01:55:22.331+0000] {manager.py:762} INFO - There are 0 files in /opt/airflow/dags
[2025-01-16T01:55:52.511+0000] {manager.py:759} INFO - Searching for files in /opt/airflow/dags
[2025-01-16T01:55:52.514+0000] {manager.py:762} INFO - There are 0 files in /opt/airflow/dags
[2025-01-16T01:56:22.732+0000] {manager.py:759} INFO - Searching for files in /opt/airflow/dags
[2025-01-16T01:56:22.733+0000] {manager.py:762} INFO - There are 0 files in /opt/airflow/dags
[2025-01-16T01:56:52.966+0000] {manager.py:759} INFO - Searching for files in /opt/airflow/dags
[2025-01-16T01:56:52.969+0000] {manager.py:762} INFO - There are 0 files in /opt/airflow/dags
[2025-01-16T01:57:23.174+0000] {manager.py:759} INFO - Searching for files in /opt/airflow/dags
[2025-01-16T01:57:23.178+0000] {manager.py:762} INFO - There are 0 files in /opt/airflow/dags
[2025-01-16T01:57:53.378+0000] {manager.py:759} INFO - Searching for files in /opt/airflow/dags
[2025-01-16T01:57:53.381+0000] {manager.py:762} INFO - There are 0 files in /opt/airflow/dags
[2025-01-16T01:58:23.577+0000] {manager.py:759} INFO - Searching for files in /opt/airflow/dags
[2025-01-16T01:58:23.581+0000] {manager.py:762} INFO - There are 0 files in /opt/airflow/dags
[2025-01-16T01:58:53.778+0000] {manager.py:759} INFO - Searching for files in /opt/airflow/dags
[2025-01-16T01:58:53.780+0000] {manager.py:762} INFO - There are 0 files in /opt/airflow/dags
[2025-01-16T01:59:23.982+0000] {manager.py:759} INFO - Searching for files in /opt/airflow/dags
[2025-01-16T01:59:23.985+0000] {manager.py:762} INFO - There are 0 files in /opt/airflow/dags
[2025-01-16T01:59:54.197+0000] {manager.py:759} INFO - Searching for files in /opt/airflow/dags
[2025-01-16T01:59:54.198+0000] {manager.py:762} INFO - There are 0 files in /opt/airflow/dags
[2025-01-16T02:00:24.422+0000] {manager.py:759} INFO - Searching for files in /opt/airflow/dags
[2025-01-16T02:00:24.426+0000] {manager.py:762} INFO - There are 0 files in /opt/airflow/dags
[2025-01-16T02:00:54.664+0000] {manager.py:759} INFO - Searching for files in /opt/airflow/dags
[2025-01-16T02:00:54.668+0000] {manager.py:762} INFO - There are 0 files in /opt/airflow/dags
[2025-01-16T02:01:24.935+0000] {manager.py:759} INFO - Searching for files in /opt/airflow/dags
[2025-01-16T02:01:24.938+0000] {manager.py:762} INFO - There are 0 files in /opt/airflow/dags
[2025-01-16T02:01:55.183+0000] {manager.py:759} INFO - Searching for files in /opt/airflow/dags
[2025-01-16T02:01:55.186+0000] {manager.py:762} INFO - There are 0 files in /opt/airflow/dags
[2025-01-16T02:02:25.419+0000] {manager.py:759} INFO - Searching for files in /opt/airflow/dags
[2025-01-16T02:02:25.421+0000] {manager.py:762} INFO - There are 0 files in /opt/airflow/dags
[2025-01-16T02:02:55.665+0000] {manager.py:759} INFO - Searching for files in /opt/airflow/dags
[2025-01-16T02:02:55.667+0000] {manager.py:762} INFO - There are 0 files in /opt/airflow/dags
[2025-01-16T02:03:25.862+0000] {manager.py:759} INFO - Searching for files in /opt/airflow/dags
[2025-01-16T02:03:25.864+0000] {manager.py:762} INFO - There are 0 files in /opt/airflow/dags
[2025-01-16T02:03:56.062+0000] {manager.py:759} INFO - Searching for files in /opt/airflow/dags
[2025-01-16T02:03:56.063+0000] {manager.py:762} INFO - There are 0 files in /opt/airflow/dags
[2025-01-16T02:04:26.310+0000] {manager.py:759} INFO - Searching for files in /opt/airflow/dags
[2025-01-16T02:04:26.333+0000] {manager.py:762} INFO - There are 0 files in /opt/airflow/dags
[2025-01-16T02:04:56.551+0000] {manager.py:759} INFO - Searching for files in /opt/airflow/dags
[2025-01-16T02:04:56.561+0000] {manager.py:762} INFO - There are 0 files in /opt/airflow/dags
[2025-01-16T02:05:26.951+0000] {manager.py:759} INFO - Searching for files in /opt/airflow/dags
[2025-01-16T02:05:26.961+0000] {manager.py:762} INFO - There are 0 files in /opt/airflow/dags
[2025-01-16T02:05:57.053+0000] {manager.py:759} INFO - Searching for files in /opt/airflow/dags
[2025-01-16T02:05:57.063+0000] {manager.py:762} INFO - There are 0 files in /opt/airflow/dags
[2025-01-16T02:06:27.079+0000] {manager.py:759} INFO - Searching for files in /opt/airflow/dags
[2025-01-16T02:06:27.128+0000] {manager.py:762} INFO - There are 0 files in /opt/airflow/dags
[2025-01-16T02:06:57.887+0000] {manager.py:759} INFO - Searching for files in /opt/airflow/dags
[2025-01-16T02:06:57.894+0000] {manager.py:762} INFO - There are 0 files in /opt/airflow/dags
[2025-01-16T02:07:28.297+0000] {manager.py:759} INFO - Searching for files in /opt/airflow/dags
[2025-01-16T02:07:28.318+0000] {manager.py:762} INFO - There are 0 files in /opt/airflow/dags
[2025-01-16T02:07:58.595+0000] {manager.py:759} INFO - Searching for files in /opt/airflow/dags
[2025-01-16T02:07:58.666+0000] {manager.py:762} INFO - There are 0 files in /opt/airflow/dags
[2025-01-16T02:08:29.076+0000] {manager.py:759} INFO - Searching for files in /opt/airflow/dags
[2025-01-16T02:08:29.082+0000] {manager.py:762} INFO - There are 0 files in /opt/airflow/dags
[2025-01-16T02:09:00.080+0000] {manager.py:759} INFO - Searching for files in /opt/airflow/dags
[2025-01-16T02:09:00.169+0000] {manager.py:762} INFO - There are 0 files in /opt/airflow/dags
[2025-01-16T02:09:30.563+0000] {manager.py:759} INFO - Searching for files in /opt/airflow/dags
[2025-01-16T02:09:30.574+0000] {manager.py:762} INFO - There are 0 files in /opt/airflow/dags
[2025-01-16T02:10:00.806+0000] {manager.py:759} INFO - Searching for files in /opt/airflow/dags
[2025-01-16T02:10:00.901+0000] {manager.py:762} INFO - There are 0 files in /opt/airflow/dags
[2025-01-16T02:10:30.843+0000] {manager.py:759} INFO - Searching for files in /opt/airflow/dags
[2025-01-16T02:10:30.854+0000] {manager.py:762} INFO - There are 0 files in /opt/airflow/dags
[2025-01-16T02:11:01.482+0000] {manager.py:759} INFO - Searching for files in /opt/airflow/dags
[2025-01-16T02:11:01.502+0000] {manager.py:762} INFO - There are 0 files in /opt/airflow/dags
[2025-01-16T02:11:31.907+0000] {manager.py:759} INFO - Searching for files in /opt/airflow/dags
[2025-01-16T02:11:31.914+0000] {manager.py:762} INFO - There are 0 files in /opt/airflow/dags
[2025-01-16T02:12:02.437+0000] {manager.py:759} INFO - Searching for files in /opt/airflow/dags
[2025-01-16T02:12:02.594+0000] {manager.py:762} INFO - There are 0 files in /opt/airflow/dags
[2025-01-16T02:12:44.640+0000] {manager.py:759} INFO - Searching for files in /opt/airflow/dags
[2025-01-16T02:12:44.652+0000] {manager.py:762} INFO - There are 0 files in /opt/airflow/dags
[2025-01-16T02:13:15.599+0000] {manager.py:759} INFO - Searching for files in /opt/airflow/dags
[2025-01-16T02:13:20.173+0000] {manager.py:762} INFO - There are 0 files in /opt/airflow/dags
[2025-01-16T02:13:46.488+0000] {manager.py:759} INFO - Searching for files in /opt/airflow/dags
[2025-01-16T02:13:46.900+0000] {manager.py:762} INFO - There are 0 files in /opt/airflow/dags
[2025-01-16T02:14:16.788+0000] {manager.py:759} INFO - Searching for files in /opt/airflow/dags
[2025-01-16T02:14:17.790+0000] {manager.py:762} INFO - There are 0 files in /opt/airflow/dags
[2025-01-16T02:14:55.972+0000] {manager.py:759} INFO - Searching for files in /opt/airflow/dags
[2025-01-16T02:15:01.429+0000] {manager.py:762} INFO - There are 0 files in /opt/airflow/dags
[2025-01-16T02:15:16.926+0000] {manager.py:469} INFO - Exiting gracefully upon receiving signal 15
[2025-01-16T02:16:43.209+0000] {manager.py:487} INFO - Processing files using up to 2 processes at a time 
[2025-01-16T02:16:43.212+0000] {manager.py:488} INFO - Process each file at most once every 30 seconds
[2025-01-16T02:16:43.214+0000] {manager.py:489} INFO - Checking for new files in /opt/airflow/dags every 30 seconds
[2025-01-16T02:16:43.215+0000] {manager.py:759} INFO - Searching for files in /opt/airflow/dags
[2025-01-16T02:16:43.220+0000] {manager.py:762} INFO - There are 0 files in /opt/airflow/dags
[2025-01-16T02:17:13.568+0000] {manager.py:759} INFO - Searching for files in /opt/airflow/dags
[2025-01-16T02:17:13.593+0000] {manager.py:762} INFO - There are 0 files in /opt/airflow/dags
[2025-01-16T02:17:44.125+0000] {manager.py:759} INFO - Searching for files in /opt/airflow/dags
[2025-01-16T02:17:44.130+0000] {manager.py:762} INFO - There are 0 files in /opt/airflow/dags
[2025-01-16T02:18:32.591+0000] {manager.py:759} INFO - Searching for files in /opt/airflow/dags
[2025-01-16T02:18:32.662+0000] {manager.py:762} INFO - There are 0 files in /opt/airflow/dags
[2025-01-16T02:19:28.006+0000] {manager.py:759} INFO - Searching for files in /opt/airflow/dags
[2025-01-16T02:19:28.067+0000] {manager.py:762} INFO - There are 0 files in /opt/airflow/dags
[2025-01-16T02:19:57.713+0000] {manager.py:759} INFO - Searching for files in /opt/airflow/dags
[2025-01-16T02:19:57.735+0000] {manager.py:762} INFO - There are 0 files in /opt/airflow/dags
[2025-01-16T02:20:28.519+0000] {manager.py:759} INFO - Searching for files in /opt/airflow/dags
[2025-01-16T02:20:28.530+0000] {manager.py:762} INFO - There are 0 files in /opt/airflow/dags
[2025-01-16T02:20:59.174+0000] {manager.py:759} INFO - Searching for files in /opt/airflow/dags
[2025-01-16T02:20:59.180+0000] {manager.py:762} INFO - There are 0 files in /opt/airflow/dags
[2025-01-16T02:21:29.552+0000] {manager.py:759} INFO - Searching for files in /opt/airflow/dags
[2025-01-16T02:21:29.566+0000] {manager.py:762} INFO - There are 0 files in /opt/airflow/dags
[2025-01-16T02:22:00.252+0000] {manager.py:759} INFO - Searching for files in /opt/airflow/dags
[2025-01-16T02:22:00.261+0000] {manager.py:762} INFO - There are 0 files in /opt/airflow/dags
[2025-01-16T02:22:24.138+0000] {manager.py:469} INFO - Exiting gracefully upon receiving signal 15
[2025-01-16T02:23:30.950+0000] {manager.py:487} INFO - Processing files using up to 2 processes at a time 
[2025-01-16T02:23:30.963+0000] {manager.py:488} INFO - Process each file at most once every 30 seconds
[2025-01-16T02:23:30.965+0000] {manager.py:489} INFO - Checking for new files in /opt/airflow/dags every 30 seconds
[2025-01-16T02:23:30.966+0000] {manager.py:759} INFO - Searching for files in /opt/airflow/dags
[2025-01-16T02:23:30.978+0000] {manager.py:762} INFO - There are 0 files in /opt/airflow/dags
[2025-01-16T02:24:01.137+0000] {manager.py:759} INFO - Searching for files in /opt/airflow/dags
[2025-01-16T02:24:01.150+0000] {manager.py:762} INFO - There are 0 files in /opt/airflow/dags
[2025-01-16T02:24:11.903+0000] {manager.py:469} INFO - Exiting gracefully upon receiving signal 15
[2025-01-16T02:25:57.639+0000] {manager.py:487} INFO - Processing files using up to 2 processes at a time 
[2025-01-16T02:25:57.640+0000] {manager.py:488} INFO - Process each file at most once every 30 seconds
[2025-01-16T02:25:57.640+0000] {manager.py:489} INFO - Checking for new files in /opt/airflow/dags every 30 seconds
[2025-01-16T02:25:57.641+0000] {manager.py:759} INFO - Searching for files in /opt/airflow/dags
[2025-01-16T02:25:57.642+0000] {manager.py:762} INFO - There are 0 files in /opt/airflow/dags
[2025-01-16T02:26:27.876+0000] {manager.py:759} INFO - Searching for files in /opt/airflow/dags
[2025-01-16T02:26:27.878+0000] {manager.py:762} INFO - There are 0 files in /opt/airflow/dags
[2025-01-16T02:26:54.185+0000] {manager.py:469} INFO - Exiting gracefully upon receiving signal 15
[2025-01-16T04:59:00.040+0000] {manager.py:487} INFO - Processing files using up to 2 processes at a time 
[2025-01-16T04:59:00.044+0000] {manager.py:488} INFO - Process each file at most once every 30 seconds
[2025-01-16T04:59:00.044+0000] {manager.py:489} INFO - Checking for new files in /opt/airflow/dags every 30 seconds
[2025-01-16T04:59:00.045+0000] {manager.py:759} INFO - Searching for files in /opt/airflow/dags
[2025-01-16T04:59:00.046+0000] {manager.py:762} INFO - There are 0 files in /opt/airflow/dags
[2025-01-16T04:59:30.249+0000] {manager.py:759} INFO - Searching for files in /opt/airflow/dags
[2025-01-16T04:59:30.251+0000] {manager.py:762} INFO - There are 0 files in /opt/airflow/dags
[2025-01-16T05:00:00.464+0000] {manager.py:759} INFO - Searching for files in /opt/airflow/dags
[2025-01-16T05:00:00.470+0000] {manager.py:762} INFO - There are 0 files in /opt/airflow/dags
